mode: set
github.com/CodeClarityCE/sbom-javascript/src/parser/gitUrlParser/GitUrlParser.go:48.50,62.165 9 1
github.com/CodeClarityCE/sbom-javascript/src/parser/gitUrlParser/GitUrlParser.go:62.165,73.3 8 0
github.com/CodeClarityCE/sbom-javascript/src/parser/gitUrlParser/GitUrlParser.go:77.2,77.29 1 1
github.com/CodeClarityCE/sbom-javascript/src/parser/gitUrlParser/GitUrlParser.go:77.29,81.18 2 1
github.com/CodeClarityCE/sbom-javascript/src/parser/gitUrlParser/GitUrlParser.go:81.18,84.12 3 1
github.com/CodeClarityCE/sbom-javascript/src/parser/gitUrlParser/GitUrlParser.go:86.3,86.18 1 1
github.com/CodeClarityCE/sbom-javascript/src/parser/gitUrlParser/GitUrlParser.go:86.18,88.22 2 1
github.com/CodeClarityCE/sbom-javascript/src/parser/gitUrlParser/GitUrlParser.go:88.22,91.10 3 1
github.com/CodeClarityCE/sbom-javascript/src/parser/gitUrlParser/GitUrlParser.go:95.3,95.19 1 1
github.com/CodeClarityCE/sbom-javascript/src/parser/gitUrlParser/GitUrlParser.go:98.2,108.41 9 1
github.com/CodeClarityCE/sbom-javascript/src/parser/gitUrlParser/GitUrlParser.go:108.41,109.18 1 1
github.com/CodeClarityCE/sbom-javascript/src/parser/gitUrlParser/GitUrlParser.go:109.18,111.4 1 1
github.com/CodeClarityCE/sbom-javascript/src/parser/gitUrlParser/GitUrlParser.go:114.2,114.39 1 1
github.com/CodeClarityCE/sbom-javascript/src/parser/gitUrlParser/GitUrlParser.go:114.39,116.18 2 1
github.com/CodeClarityCE/sbom-javascript/src/parser/gitUrlParser/GitUrlParser.go:116.18,119.12 3 1
github.com/CodeClarityCE/sbom-javascript/src/parser/gitUrlParser/GitUrlParser.go:121.3,121.18 1 1
github.com/CodeClarityCE/sbom-javascript/src/parser/gitUrlParser/GitUrlParser.go:121.18,124.9 3 1
github.com/CodeClarityCE/sbom-javascript/src/parser/gitUrlParser/GitUrlParser.go:126.3,126.112 1 1
github.com/CodeClarityCE/sbom-javascript/src/parser/gitUrlParser/GitUrlParser.go:126.112,129.4 2 1
github.com/CodeClarityCE/sbom-javascript/src/parser/gitUrlParser/GitUrlParser.go:130.3,130.18 1 1
github.com/CodeClarityCE/sbom-javascript/src/parser/gitUrlParser/GitUrlParser.go:130.18,133.4 2 1
github.com/CodeClarityCE/sbom-javascript/src/parser/gitUrlParser/GitUrlParser.go:134.3,134.15 1 1
github.com/CodeClarityCE/sbom-javascript/src/parser/gitUrlParser/GitUrlParser.go:134.15,136.4 1 1
github.com/CodeClarityCE/sbom-javascript/src/parser/gitUrlParser/GitUrlParser.go:137.3,137.15 1 1
github.com/CodeClarityCE/sbom-javascript/src/parser/gitUrlParser/GitUrlParser.go:137.15,139.4 1 1
github.com/CodeClarityCE/sbom-javascript/src/parser/gitUrlParser/GitUrlParser.go:140.3,140.23 1 1
github.com/CodeClarityCE/sbom-javascript/src/parser/gitUrlParser/GitUrlParser.go:143.2,143.45 1 1
github.com/CodeClarityCE/sbom-javascript/src/parser/gitUrlParser/GitUrlParser.go:143.45,146.3 2 1
github.com/CodeClarityCE/sbom-javascript/src/parser/gitUrlParser/GitUrlParser.go:147.2,154.37 5 1
github.com/CodeClarityCE/sbom-javascript/src/parser/gitUrlParser/GitUrlParser.go:154.37,155.38 1 1
github.com/CodeClarityCE/sbom-javascript/src/parser/gitUrlParser/GitUrlParser.go:155.38,157.28 2 1
github.com/CodeClarityCE/sbom-javascript/src/parser/gitUrlParser/GitUrlParser.go:157.28,159.5 1 1
github.com/CodeClarityCE/sbom-javascript/src/parser/gitUrlParser/GitUrlParser.go:160.4,160.19 1 1
github.com/CodeClarityCE/sbom-javascript/src/parser/gitUrlParser/GitUrlParser.go:160.19,162.13 2 1
github.com/CodeClarityCE/sbom-javascript/src/parser/gitUrlParser/GitUrlParser.go:164.4,164.19 1 1
github.com/CodeClarityCE/sbom-javascript/src/parser/gitUrlParser/GitUrlParser.go:168.2,168.26 1 1
github.com/CodeClarityCE/sbom-javascript/src/parser/gitUrlParser/GitUrlParser.go:168.26,170.3 1 1
github.com/CodeClarityCE/sbom-javascript/src/parser/gitUrlParser/GitUrlParser.go:170.8,170.46 1 1
github.com/CodeClarityCE/sbom-javascript/src/parser/gitUrlParser/GitUrlParser.go:170.46,172.3 1 1
github.com/CodeClarityCE/sbom-javascript/src/parser/gitUrlParser/GitUrlParser.go:174.2,174.168 1 1
github.com/CodeClarityCE/sbom-javascript/src/parser/gitUrlParser/GitUrlParser.go:179.62,180.35 1 1
github.com/CodeClarityCE/sbom-javascript/src/parser/gitUrlParser/GitUrlParser.go:180.35,182.3 1 0
github.com/CodeClarityCE/sbom-javascript/src/parser/gitUrlParser/GitUrlParser.go:183.2,183.39 1 1
github.com/CodeClarityCE/sbom-javascript/src/parser/lockFileParser/BaseLockFileParser.go:13.150,17.16 2 1
github.com/CodeClarityCE/sbom-javascript/src/parser/lockFileParser/BaseLockFileParser.go:17.16,19.3 1 0
github.com/CodeClarityCE/sbom-javascript/src/parser/lockFileParser/BaseLockFileParser.go:21.2,23.51 2 1
github.com/CodeClarityCE/sbom-javascript/src/parser/lockFileParser/BaseLockFileParser.go:24.26,26.17 2 1
github.com/CodeClarityCE/sbom-javascript/src/parser/lockFileParser/BaseLockFileParser.go:26.17,28.4 1 0
github.com/CodeClarityCE/sbom-javascript/src/parser/lockFileParser/BaseLockFileParser.go:29.27,31.17 2 1
github.com/CodeClarityCE/sbom-javascript/src/parser/lockFileParser/BaseLockFileParser.go:31.17,33.4 1 0
github.com/CodeClarityCE/sbom-javascript/src/parser/lockFileParser/BaseLockFileParser.go:34.10,35.74 1 1
github.com/CodeClarityCE/sbom-javascript/src/parser/lockFileParser/BaseLockFileParser.go:38.2,38.30 1 1
github.com/CodeClarityCE/sbom-javascript/src/parser/lockFileParser/BaseLockFileParser.go:45.108,50.16 3 1
github.com/CodeClarityCE/sbom-javascript/src/parser/lockFileParser/BaseLockFileParser.go:50.16,52.3 1 0
github.com/CodeClarityCE/sbom-javascript/src/parser/lockFileParser/BaseLockFileParser.go:54.2,54.26 1 1
github.com/CodeClarityCE/sbom-javascript/src/parser/lockFileParser/NPMLockFileParser.go:24.111,28.16 2 1
github.com/CodeClarityCE/sbom-javascript/src/parser/lockFileParser/NPMLockFileParser.go:28.16,30.3 1 0
github.com/CodeClarityCE/sbom-javascript/src/parser/lockFileParser/NPMLockFileParser.go:32.2,34.25 2 1
github.com/CodeClarityCE/sbom-javascript/src/parser/lockFileParser/NPMLockFileParser.go:35.19,37.17 2 1
github.com/CodeClarityCE/sbom-javascript/src/parser/lockFileParser/NPMLockFileParser.go:37.17,39.4 1 0
github.com/CodeClarityCE/sbom-javascript/src/parser/lockFileParser/NPMLockFileParser.go:40.3,41.17 2 1
github.com/CodeClarityCE/sbom-javascript/src/parser/lockFileParser/NPMLockFileParser.go:41.17,43.4 1 0
github.com/CodeClarityCE/sbom-javascript/src/parser/lockFileParser/NPMLockFileParser.go:44.3,45.39 2 1
github.com/CodeClarityCE/sbom-javascript/src/parser/lockFileParser/NPMLockFileParser.go:46.19,48.17 2 1
github.com/CodeClarityCE/sbom-javascript/src/parser/lockFileParser/NPMLockFileParser.go:48.17,50.4 1 0
github.com/CodeClarityCE/sbom-javascript/src/parser/lockFileParser/NPMLockFileParser.go:51.3,52.17 2 1
github.com/CodeClarityCE/sbom-javascript/src/parser/lockFileParser/NPMLockFileParser.go:52.17,54.4 1 0
github.com/CodeClarityCE/sbom-javascript/src/parser/lockFileParser/NPMLockFileParser.go:55.3,56.39 2 1
github.com/CodeClarityCE/sbom-javascript/src/parser/lockFileParser/NPMLockFileParser.go:57.19,59.17 2 1
github.com/CodeClarityCE/sbom-javascript/src/parser/lockFileParser/NPMLockFileParser.go:59.17,61.4 1 0
github.com/CodeClarityCE/sbom-javascript/src/parser/lockFileParser/NPMLockFileParser.go:62.3,63.17 2 1
github.com/CodeClarityCE/sbom-javascript/src/parser/lockFileParser/NPMLockFileParser.go:63.17,65.4 1 0
github.com/CodeClarityCE/sbom-javascript/src/parser/lockFileParser/NPMLockFileParser.go:66.3,67.39 2 1
github.com/CodeClarityCE/sbom-javascript/src/parser/lockFileParser/NPMLockFileParser.go:68.10,69.85 1 0
github.com/CodeClarityCE/sbom-javascript/src/parser/lockFileParser/NPMLockFileParser.go:72.2,72.30 1 1
github.com/CodeClarityCE/sbom-javascript/src/parser/lockFileParser/NPMLockFileParser.go:79.77,84.16 3 1
github.com/CodeClarityCE/sbom-javascript/src/parser/lockFileParser/NPMLockFileParser.go:84.16,86.3 1 0
github.com/CodeClarityCE/sbom-javascript/src/parser/lockFileParser/NPMLockFileParser.go:88.2,88.60 1 1
github.com/CodeClarityCE/sbom-javascript/src/parser/lockFileParser/NPMLockFileParser.go:88.60,93.3 2 1
github.com/CodeClarityCE/sbom-javascript/src/parser/lockFileParser/NPMLockFileParser.go:95.2,95.22 1 1
github.com/CodeClarityCE/sbom-javascript/src/parser/lockFileParser/NPMLockFileParser.go:102.85,106.19 4 1
github.com/CodeClarityCE/sbom-javascript/src/parser/lockFileParser/NPMLockFileParser.go:106.19,108.3 1 0
github.com/CodeClarityCE/sbom-javascript/src/parser/lockFileParser/NPMLockFileParser.go:109.2,114.63 5 1
github.com/CodeClarityCE/sbom-javascript/src/parser/lockFileParser/NPMLockFileParser.go:114.63,116.3 1 1
github.com/CodeClarityCE/sbom-javascript/src/parser/lockFileParser/NPMLockFileParser.go:117.2,118.29 2 1
github.com/CodeClarityCE/sbom-javascript/src/parser/lockFileParser/NPMLockFileParser.go:118.29,119.56 1 1
github.com/CodeClarityCE/sbom-javascript/src/parser/lockFileParser/NPMLockFileParser.go:119.56,122.4 2 1
github.com/CodeClarityCE/sbom-javascript/src/parser/lockFileParser/NPMLockFileParser.go:130.77,136.16 4 1
github.com/CodeClarityCE/sbom-javascript/src/parser/lockFileParser/NPMLockFileParser.go:136.16,138.3 1 0
github.com/CodeClarityCE/sbom-javascript/src/parser/lockFileParser/NPMLockFileParser.go:140.2,142.52 2 1
github.com/CodeClarityCE/sbom-javascript/src/parser/lockFileParser/NPMLockFileParser.go:142.52,147.39 3 1
github.com/CodeClarityCE/sbom-javascript/src/parser/lockFileParser/NPMLockFileParser.go:147.39,148.21 1 1
github.com/CodeClarityCE/sbom-javascript/src/parser/lockFileParser/NPMLockFileParser.go:148.21,149.40 1 1
github.com/CodeClarityCE/sbom-javascript/src/parser/lockFileParser/NPMLockFileParser.go:149.40,151.6 1 1
github.com/CodeClarityCE/sbom-javascript/src/parser/lockFileParser/NPMLockFileParser.go:151.11,153.6 1 1
github.com/CodeClarityCE/sbom-javascript/src/parser/lockFileParser/NPMLockFileParser.go:157.3,157.16 1 1
github.com/CodeClarityCE/sbom-javascript/src/parser/lockFileParser/NPMLockFileParser.go:157.16,158.12 1 1
github.com/CodeClarityCE/sbom-javascript/src/parser/lockFileParser/NPMLockFileParser.go:161.3,165.20 4 1
github.com/CodeClarityCE/sbom-javascript/src/parser/lockFileParser/NPMLockFileParser.go:165.20,167.4 1 0
github.com/CodeClarityCE/sbom-javascript/src/parser/lockFileParser/NPMLockFileParser.go:169.3,171.64 2 1
github.com/CodeClarityCE/sbom-javascript/src/parser/lockFileParser/NPMLockFileParser.go:171.64,173.4 1 1
github.com/CodeClarityCE/sbom-javascript/src/parser/lockFileParser/NPMLockFileParser.go:175.3,193.47 18 1
github.com/CodeClarityCE/sbom-javascript/src/parser/lockFileParser/NPMLockFileParser.go:193.47,195.4 1 1
github.com/CodeClarityCE/sbom-javascript/src/parser/lockFileParser/NPMLockFileParser.go:196.3,196.48 1 1
github.com/CodeClarityCE/sbom-javascript/src/parser/lockFileParser/NPMLockFileParser.go:196.48,198.4 1 1
github.com/CodeClarityCE/sbom-javascript/src/parser/lockFileParser/NPMLockFileParser.go:199.3,202.57 3 1
github.com/CodeClarityCE/sbom-javascript/src/parser/lockFileParser/NPMLockFileParser.go:202.57,204.42 2 1
github.com/CodeClarityCE/sbom-javascript/src/parser/lockFileParser/NPMLockFileParser.go:204.42,206.5 1 1
github.com/CodeClarityCE/sbom-javascript/src/parser/lockFileParser/NPMLockFileParser.go:207.4,207.49 1 1
github.com/CodeClarityCE/sbom-javascript/src/parser/lockFileParser/NPMLockFileParser.go:210.3,210.53 1 1
github.com/CodeClarityCE/sbom-javascript/src/parser/lockFileParser/NPMLockFileParser.go:210.53,212.42 2 1
github.com/CodeClarityCE/sbom-javascript/src/parser/lockFileParser/NPMLockFileParser.go:212.42,214.5 1 0
github.com/CodeClarityCE/sbom-javascript/src/parser/lockFileParser/NPMLockFileParser.go:215.4,215.49 1 1
github.com/CodeClarityCE/sbom-javascript/src/parser/lockFileParser/NPMLockFileParser.go:218.3,218.42 1 1
github.com/CodeClarityCE/sbom-javascript/src/parser/lockFileParser/NPMLockFileParser.go:222.2,224.46 3 1
github.com/CodeClarityCE/sbom-javascript/src/parser/lockFileParser/NPMLockFileParser.go:224.46,227.3 2 1
github.com/CodeClarityCE/sbom-javascript/src/parser/lockFileParser/NPMLockFileParser.go:228.2,233.22 5 1
github.com/CodeClarityCE/sbom-javascript/src/parser/lockFileParser/NPMLockFileParser.go:245.85,248.19 3 1
github.com/CodeClarityCE/sbom-javascript/src/parser/lockFileParser/NPMLockFileParser.go:248.19,250.3 1 0
github.com/CodeClarityCE/sbom-javascript/src/parser/lockFileParser/NPMLockFileParser.go:251.2,256.63 5 1
github.com/CodeClarityCE/sbom-javascript/src/parser/lockFileParser/NPMLockFileParser.go:256.63,258.3 1 0
github.com/CodeClarityCE/sbom-javascript/src/parser/lockFileParser/NPMLockFileParser.go:259.2,260.29 2 1
github.com/CodeClarityCE/sbom-javascript/src/parser/lockFileParser/NPMLockFileParser.go:260.29,261.56 1 1
github.com/CodeClarityCE/sbom-javascript/src/parser/lockFileParser/NPMLockFileParser.go:261.56,265.4 2 1
github.com/CodeClarityCE/sbom-javascript/src/parser/lockFileParser/NPMLockFileParser.go:271.77,273.2 1 1
github.com/CodeClarityCE/sbom-javascript/src/parser/lockFileParser/NPMLockFileParser.go:281.83,286.16 3 1
github.com/CodeClarityCE/sbom-javascript/src/parser/lockFileParser/NPMLockFileParser.go:286.16,288.3 1 0
github.com/CodeClarityCE/sbom-javascript/src/parser/lockFileParser/NPMLockFileParser.go:290.2,290.31 1 1
github.com/CodeClarityCE/sbom-javascript/src/parser/lockFileParser/NPMLockFileParser.go:290.31,292.3 1 1
github.com/CodeClarityCE/sbom-javascript/src/parser/lockFileParser/NPMLockFileParser.go:293.2,293.31 1 1
github.com/CodeClarityCE/sbom-javascript/src/parser/lockFileParser/NPMLockFileParser.go:293.31,295.3 1 1
github.com/CodeClarityCE/sbom-javascript/src/parser/lockFileParser/NPMLockFileParser.go:296.2,296.31 1 1
github.com/CodeClarityCE/sbom-javascript/src/parser/lockFileParser/NPMLockFileParser.go:296.31,298.3 1 1
github.com/CodeClarityCE/sbom-javascript/src/parser/lockFileParser/NPMLockFileParser.go:300.2,300.69 1 1
github.com/CodeClarityCE/sbom-javascript/src/parser/lockFileParser/NPMLockFileParser.go:312.116,315.16 2 1
github.com/CodeClarityCE/sbom-javascript/src/parser/lockFileParser/NPMLockFileParser.go:315.16,317.3 1 1
github.com/CodeClarityCE/sbom-javascript/src/parser/lockFileParser/NPMLockFileParser.go:319.2,319.25 1 1
github.com/CodeClarityCE/sbom-javascript/src/parser/lockFileParser/NPMLockFileParser.go:319.25,321.3 1 1
github.com/CodeClarityCE/sbom-javascript/src/parser/lockFileParser/NPMLockFileParser.go:324.2,324.39 1 1
github.com/CodeClarityCE/sbom-javascript/src/parser/lockFileParser/NPMLockFileParser.go:324.39,326.45 2 1
github.com/CodeClarityCE/sbom-javascript/src/parser/lockFileParser/NPMLockFileParser.go:326.45,327.34 1 1
github.com/CodeClarityCE/sbom-javascript/src/parser/lockFileParser/NPMLockFileParser.go:327.34,329.5 1 1
github.com/CodeClarityCE/sbom-javascript/src/parser/lockFileParser/NPMLockFileParser.go:330.4,330.113 1 1
github.com/CodeClarityCE/sbom-javascript/src/parser/lockFileParser/NPMLockFileParser.go:332.3,332.45 1 1
github.com/CodeClarityCE/sbom-javascript/src/parser/lockFileParser/NPMLockFileParser.go:332.45,333.34 1 1
github.com/CodeClarityCE/sbom-javascript/src/parser/lockFileParser/NPMLockFileParser.go:333.34,335.5 1 1
github.com/CodeClarityCE/sbom-javascript/src/parser/lockFileParser/NPMLockFileParser.go:336.4,336.113 1 1
github.com/CodeClarityCE/sbom-javascript/src/parser/lockFileParser/NPMLockFileParser.go:338.3,338.56 1 1
github.com/CodeClarityCE/sbom-javascript/src/parser/lockFileParser/NPMLockFileParser.go:338.56,339.34 1 1
github.com/CodeClarityCE/sbom-javascript/src/parser/lockFileParser/NPMLockFileParser.go:339.34,341.5 1 1
github.com/CodeClarityCE/sbom-javascript/src/parser/lockFileParser/NPMLockFileParser.go:342.4,342.124 1 1
github.com/CodeClarityCE/sbom-javascript/src/parser/lockFileParser/NPMLockFileParser.go:347.2,347.40 1 1
github.com/CodeClarityCE/sbom-javascript/src/parser/lockFileParser/NPMLockFileParser.go:347.40,349.3 1 1
github.com/CodeClarityCE/sbom-javascript/src/parser/lockFileParser/NPMLockFileParser.go:352.2,379.39 1 1
github.com/CodeClarityCE/sbom-javascript/src/parser/lockFileParser/NPMLockFileParser.go:379.39,381.3 1 1
github.com/CodeClarityCE/sbom-javascript/src/parser/lockFileParser/NPMLockFileParser.go:383.2,383.79 1 0
github.com/CodeClarityCE/sbom-javascript/src/parser/lockFileParser/YarnLockFileParser.go:28.112,32.16 2 1
github.com/CodeClarityCE/sbom-javascript/src/parser/lockFileParser/YarnLockFileParser.go:32.16,34.3 1 0
github.com/CodeClarityCE/sbom-javascript/src/parser/lockFileParser/YarnLockFileParser.go:36.2,39.25 3 1
github.com/CodeClarityCE/sbom-javascript/src/parser/lockFileParser/YarnLockFileParser.go:40.20,42.17 2 1
github.com/CodeClarityCE/sbom-javascript/src/parser/lockFileParser/YarnLockFileParser.go:42.17,44.4 1 0
github.com/CodeClarityCE/sbom-javascript/src/parser/lockFileParser/YarnLockFileParser.go:45.3,46.39 2 1
github.com/CodeClarityCE/sbom-javascript/src/parser/lockFileParser/YarnLockFileParser.go:47.20,49.17 2 1
github.com/CodeClarityCE/sbom-javascript/src/parser/lockFileParser/YarnLockFileParser.go:49.17,51.4 1 0
github.com/CodeClarityCE/sbom-javascript/src/parser/lockFileParser/YarnLockFileParser.go:52.3,53.39 2 1
github.com/CodeClarityCE/sbom-javascript/src/parser/lockFileParser/YarnLockFileParser.go:54.20,56.17 2 1
github.com/CodeClarityCE/sbom-javascript/src/parser/lockFileParser/YarnLockFileParser.go:56.17,58.4 1 0
github.com/CodeClarityCE/sbom-javascript/src/parser/lockFileParser/YarnLockFileParser.go:59.3,60.39 2 1
github.com/CodeClarityCE/sbom-javascript/src/parser/lockFileParser/YarnLockFileParser.go:61.20,63.17 2 0
github.com/CodeClarityCE/sbom-javascript/src/parser/lockFileParser/YarnLockFileParser.go:63.17,65.4 1 0
github.com/CodeClarityCE/sbom-javascript/src/parser/lockFileParser/YarnLockFileParser.go:66.3,67.39 2 0
github.com/CodeClarityCE/sbom-javascript/src/parser/lockFileParser/YarnLockFileParser.go:68.10,69.86 1 0
github.com/CodeClarityCE/sbom-javascript/src/parser/lockFileParser/YarnLockFileParser.go:72.2,73.16 2 1
github.com/CodeClarityCE/sbom-javascript/src/parser/lockFileParser/YarnLockFileParser.go:73.16,75.3 1 0
github.com/CodeClarityCE/sbom-javascript/src/parser/lockFileParser/YarnLockFileParser.go:77.2,77.30 1 1
github.com/CodeClarityCE/sbom-javascript/src/parser/lockFileParser/YarnLockFileParser.go:83.145,90.16 6 1
github.com/CodeClarityCE/sbom-javascript/src/parser/lockFileParser/YarnLockFileParser.go:90.16,92.3 1 0
github.com/CodeClarityCE/sbom-javascript/src/parser/lockFileParser/YarnLockFileParser.go:94.2,94.45 1 1
github.com/CodeClarityCE/sbom-javascript/src/parser/lockFileParser/YarnLockFileParser.go:94.45,100.34 4 1
github.com/CodeClarityCE/sbom-javascript/src/parser/lockFileParser/YarnLockFileParser.go:100.34,115.21 14 1
github.com/CodeClarityCE/sbom-javascript/src/parser/lockFileParser/YarnLockFileParser.go:115.21,117.5 1 0
github.com/CodeClarityCE/sbom-javascript/src/parser/lockFileParser/YarnLockFileParser.go:118.4,126.51 9 1
github.com/CodeClarityCE/sbom-javascript/src/parser/lockFileParser/YarnLockFileParser.go:131.2,131.37 1 1
github.com/CodeClarityCE/sbom-javascript/src/parser/lockFileParser/YarnLockFileParser.go:137.145,146.16 7 1
github.com/CodeClarityCE/sbom-javascript/src/parser/lockFileParser/YarnLockFileParser.go:146.16,148.3 1 0
github.com/CodeClarityCE/sbom-javascript/src/parser/lockFileParser/YarnLockFileParser.go:150.2,152.36 2 1
github.com/CodeClarityCE/sbom-javascript/src/parser/lockFileParser/YarnLockFileParser.go:152.36,157.34 3 1
github.com/CodeClarityCE/sbom-javascript/src/parser/lockFileParser/YarnLockFileParser.go:157.34,171.21 13 1
github.com/CodeClarityCE/sbom-javascript/src/parser/lockFileParser/YarnLockFileParser.go:171.21,173.5 1 0
github.com/CodeClarityCE/sbom-javascript/src/parser/lockFileParser/YarnLockFileParser.go:174.4,182.51 9 1
github.com/CodeClarityCE/sbom-javascript/src/parser/lockFileParser/YarnLockFileParser.go:187.2,187.37 1 1
github.com/CodeClarityCE/sbom-javascript/src/parser/lockFileParser/YarnLockFileParser.go:197.145,206.16 7 1
github.com/CodeClarityCE/sbom-javascript/src/parser/lockFileParser/YarnLockFileParser.go:206.16,208.3 1 0
github.com/CodeClarityCE/sbom-javascript/src/parser/lockFileParser/YarnLockFileParser.go:210.2,212.36 2 1
github.com/CodeClarityCE/sbom-javascript/src/parser/lockFileParser/YarnLockFileParser.go:212.36,217.34 3 1
github.com/CodeClarityCE/sbom-javascript/src/parser/lockFileParser/YarnLockFileParser.go:217.34,229.21 11 1
github.com/CodeClarityCE/sbom-javascript/src/parser/lockFileParser/YarnLockFileParser.go:229.21,231.5 1 0
github.com/CodeClarityCE/sbom-javascript/src/parser/lockFileParser/YarnLockFileParser.go:232.4,240.35 9 1
github.com/CodeClarityCE/sbom-javascript/src/parser/lockFileParser/YarnLockFileParser.go:245.2,245.37 1 1
github.com/CodeClarityCE/sbom-javascript/src/parser/lockFileParser/YarnLockFileParser.go:254.145,263.16 7 0
github.com/CodeClarityCE/sbom-javascript/src/parser/lockFileParser/YarnLockFileParser.go:263.16,265.3 1 0
github.com/CodeClarityCE/sbom-javascript/src/parser/lockFileParser/YarnLockFileParser.go:267.2,269.36 2 0
github.com/CodeClarityCE/sbom-javascript/src/parser/lockFileParser/YarnLockFileParser.go:269.36,274.34 3 0
github.com/CodeClarityCE/sbom-javascript/src/parser/lockFileParser/YarnLockFileParser.go:274.34,287.21 11 0
github.com/CodeClarityCE/sbom-javascript/src/parser/lockFileParser/YarnLockFileParser.go:287.21,289.5 1 0
github.com/CodeClarityCE/sbom-javascript/src/parser/lockFileParser/YarnLockFileParser.go:290.4,298.35 9 0
github.com/CodeClarityCE/sbom-javascript/src/parser/lockFileParser/YarnLockFileParser.go:303.2,303.37 1 0
github.com/CodeClarityCE/sbom-javascript/src/parser/lockFileParser/YarnLockFileParser.go:309.77,312.35 2 0
github.com/CodeClarityCE/sbom-javascript/src/parser/lockFileParser/YarnLockFileParser.go:312.35,313.37 1 0
github.com/CodeClarityCE/sbom-javascript/src/parser/lockFileParser/YarnLockFileParser.go:313.37,315.4 1 0
github.com/CodeClarityCE/sbom-javascript/src/parser/lockFileParser/YarnLockFileParser.go:315.9,315.45 1 0
github.com/CodeClarityCE/sbom-javascript/src/parser/lockFileParser/YarnLockFileParser.go:315.45,317.4 1 0
github.com/CodeClarityCE/sbom-javascript/src/parser/lockFileParser/YarnLockFileParser.go:320.2,320.16 1 0
github.com/CodeClarityCE/sbom-javascript/src/parser/lockFileParser/YarnLockFileParser.go:333.228,334.45 1 1
github.com/CodeClarityCE/sbom-javascript/src/parser/lockFileParser/YarnLockFileParser.go:334.45,335.45 1 0
github.com/CodeClarityCE/sbom-javascript/src/parser/lockFileParser/YarnLockFileParser.go:335.45,337.4 1 0
github.com/CodeClarityCE/sbom-javascript/src/parser/lockFileParser/YarnLockFileParser.go:338.3,339.65 2 0
github.com/CodeClarityCE/sbom-javascript/src/parser/lockFileParser/YarnLockFileParser.go:339.65,341.4 1 0
github.com/CodeClarityCE/sbom-javascript/src/parser/lockFileParser/YarnLockFileParser.go:343.2,343.49 1 1
github.com/CodeClarityCE/sbom-javascript/src/parser/lockFileParser/YarnLockFileParser.go:343.49,344.27 1 1
github.com/CodeClarityCE/sbom-javascript/src/parser/lockFileParser/YarnLockFileParser.go:344.27,345.70 1 1
github.com/CodeClarityCE/sbom-javascript/src/parser/lockFileParser/YarnLockFileParser.go:345.70,347.5 1 1
github.com/CodeClarityCE/sbom-javascript/src/parser/lockFileParser/YarnLockFileParser.go:350.2,350.53 1 1
github.com/CodeClarityCE/sbom-javascript/src/parser/lockFileParser/YarnLockFileParser.go:350.53,351.27 1 1
github.com/CodeClarityCE/sbom-javascript/src/parser/lockFileParser/YarnLockFileParser.go:351.27,352.70 1 1
github.com/CodeClarityCE/sbom-javascript/src/parser/lockFileParser/YarnLockFileParser.go:352.70,354.5 1 1
github.com/CodeClarityCE/sbom-javascript/src/parser/lockFileParser/YarnLockFileParser.go:366.85,372.21 5 1
github.com/CodeClarityCE/sbom-javascript/src/parser/lockFileParser/YarnLockFileParser.go:372.21,374.3 1 1
github.com/CodeClarityCE/sbom-javascript/src/parser/lockFileParser/YarnLockFileParser.go:376.2,376.41 1 1
github.com/CodeClarityCE/sbom-javascript/src/parser/lockFileParser/YarnLockFileParser.go:376.41,378.3 1 1
github.com/CodeClarityCE/sbom-javascript/src/parser/lockFileParser/YarnLockFileParser.go:378.8,379.42 1 1
github.com/CodeClarityCE/sbom-javascript/src/parser/lockFileParser/YarnLockFileParser.go:379.42,381.4 1 1
github.com/CodeClarityCE/sbom-javascript/src/parser/lockFileParser/YarnLockFileParser.go:381.9,381.49 1 1
github.com/CodeClarityCE/sbom-javascript/src/parser/lockFileParser/YarnLockFileParser.go:381.49,383.4 1 1
github.com/CodeClarityCE/sbom-javascript/src/parser/lockFileParser/YarnLockFileParser.go:383.9,383.49 1 1
github.com/CodeClarityCE/sbom-javascript/src/parser/lockFileParser/YarnLockFileParser.go:383.49,385.4 1 0
github.com/CodeClarityCE/sbom-javascript/src/parser/lockFileParser/YarnLockFileParser.go:387.2,387.71 1 1
github.com/CodeClarityCE/sbom-javascript/src/parser/lockFileParser/YarnLockFileParser.go:393.41,395.33 2 1
github.com/CodeClarityCE/sbom-javascript/src/parser/lockFileParser/YarnLockFileParser.go:395.33,397.28 2 0
github.com/CodeClarityCE/sbom-javascript/src/parser/lockFileParser/YarnLockFileParser.go:397.28,399.4 1 0
github.com/CodeClarityCE/sbom-javascript/src/parser/lockFileParser/YarnLockFileParser.go:400.8,402.3 1 1
github.com/CodeClarityCE/sbom-javascript/src/parser/lockFileParser/YarnLockFileParser.go:403.2,403.19 1 1
github.com/CodeClarityCE/sbom-javascript/src/parser/lockFileParser/YarnLockFileParser.go:412.162,417.16 3 1
github.com/CodeClarityCE/sbom-javascript/src/parser/lockFileParser/YarnLockFileParser.go:417.16,419.3 1 1
github.com/CodeClarityCE/sbom-javascript/src/parser/lockFileParser/YarnLockFileParser.go:421.2,422.16 2 1
github.com/CodeClarityCE/sbom-javascript/src/parser/lockFileParser/YarnLockFileParser.go:422.16,424.3 1 1
github.com/CodeClarityCE/sbom-javascript/src/parser/lockFileParser/YarnLockFileParser.go:426.2,426.43 1 1
github.com/CodeClarityCE/sbom-javascript/src/parser/lockFileParser/YarnLockFileParser.go:426.43,428.3 1 1
github.com/CodeClarityCE/sbom-javascript/src/parser/lockFileParser/YarnLockFileParser.go:430.2,430.40 1 1
github.com/CodeClarityCE/sbom-javascript/src/parser/lockFileParser/YarnLockFileParser.go:430.40,432.3 1 1
github.com/CodeClarityCE/sbom-javascript/src/parser/lockFileParser/YarnLockFileParser.go:435.2,435.46 1 1
github.com/CodeClarityCE/sbom-javascript/src/parser/lockFileParser/YarnLockFileParser.go:435.46,437.3 1 1
github.com/CodeClarityCE/sbom-javascript/src/parser/lockFileParser/YarnLockFileParser.go:440.2,440.40 1 1
github.com/CodeClarityCE/sbom-javascript/src/parser/lockFileParser/YarnLockFileParser.go:440.40,443.45 2 1
github.com/CodeClarityCE/sbom-javascript/src/parser/lockFileParser/YarnLockFileParser.go:443.45,444.34 1 1
github.com/CodeClarityCE/sbom-javascript/src/parser/lockFileParser/YarnLockFileParser.go:444.34,446.5 1 1
github.com/CodeClarityCE/sbom-javascript/src/parser/lockFileParser/YarnLockFileParser.go:447.4,447.113 1 1
github.com/CodeClarityCE/sbom-javascript/src/parser/lockFileParser/YarnLockFileParser.go:449.3,449.45 1 1
github.com/CodeClarityCE/sbom-javascript/src/parser/lockFileParser/YarnLockFileParser.go:449.45,450.34 1 1
github.com/CodeClarityCE/sbom-javascript/src/parser/lockFileParser/YarnLockFileParser.go:450.34,452.5 1 1
github.com/CodeClarityCE/sbom-javascript/src/parser/lockFileParser/YarnLockFileParser.go:453.4,453.113 1 1
github.com/CodeClarityCE/sbom-javascript/src/parser/lockFileParser/YarnLockFileParser.go:455.3,455.56 1 1
github.com/CodeClarityCE/sbom-javascript/src/parser/lockFileParser/YarnLockFileParser.go:455.56,456.34 1 1
github.com/CodeClarityCE/sbom-javascript/src/parser/lockFileParser/YarnLockFileParser.go:456.34,458.5 1 1
github.com/CodeClarityCE/sbom-javascript/src/parser/lockFileParser/YarnLockFileParser.go:459.4,459.124 1 1
github.com/CodeClarityCE/sbom-javascript/src/parser/lockFileParser/YarnLockFileParser.go:464.2,464.41 1 1
github.com/CodeClarityCE/sbom-javascript/src/parser/lockFileParser/YarnLockFileParser.go:464.41,466.3 1 1
github.com/CodeClarityCE/sbom-javascript/src/parser/lockFileParser/YarnLockFileParser.go:469.2,496.40 1 1
github.com/CodeClarityCE/sbom-javascript/src/parser/lockFileParser/YarnLockFileParser.go:496.40,498.3 1 1
github.com/CodeClarityCE/sbom-javascript/src/parser/lockFileParser/YarnLockFileParser.go:501.2,503.42 1 1
github.com/CodeClarityCE/sbom-javascript/src/parser/lockFileParser/YarnLockFileParser.go:503.42,505.45 2 1
github.com/CodeClarityCE/sbom-javascript/src/parser/lockFileParser/YarnLockFileParser.go:505.45,506.34 1 1
github.com/CodeClarityCE/sbom-javascript/src/parser/lockFileParser/YarnLockFileParser.go:506.34,508.5 1 1
github.com/CodeClarityCE/sbom-javascript/src/parser/lockFileParser/YarnLockFileParser.go:509.4,509.113 1 1
github.com/CodeClarityCE/sbom-javascript/src/parser/lockFileParser/YarnLockFileParser.go:511.3,511.45 1 1
github.com/CodeClarityCE/sbom-javascript/src/parser/lockFileParser/YarnLockFileParser.go:511.45,512.34 1 1
github.com/CodeClarityCE/sbom-javascript/src/parser/lockFileParser/YarnLockFileParser.go:512.34,514.5 1 1
github.com/CodeClarityCE/sbom-javascript/src/parser/lockFileParser/YarnLockFileParser.go:515.4,515.113 1 1
github.com/CodeClarityCE/sbom-javascript/src/parser/lockFileParser/YarnLockFileParser.go:517.3,517.56 1 1
github.com/CodeClarityCE/sbom-javascript/src/parser/lockFileParser/YarnLockFileParser.go:517.56,518.34 1 1
github.com/CodeClarityCE/sbom-javascript/src/parser/lockFileParser/YarnLockFileParser.go:518.34,520.5 1 1
github.com/CodeClarityCE/sbom-javascript/src/parser/lockFileParser/YarnLockFileParser.go:521.4,521.124 1 1
github.com/CodeClarityCE/sbom-javascript/src/parser/lockFileParser/YarnLockFileParser.go:525.2,525.79 1 1
github.com/CodeClarityCE/sbom-javascript/src/parser/lockFileParser/YarnLockFileParser.go:531.69,535.32 2 1
github.com/CodeClarityCE/sbom-javascript/src/parser/lockFileParser/YarnLockFileParser.go:535.32,536.32 1 1
github.com/CodeClarityCE/sbom-javascript/src/parser/lockFileParser/YarnLockFileParser.go:536.32,538.4 1 1
github.com/CodeClarityCE/sbom-javascript/src/parser/lockFileParser/YarnLockFileParser.go:541.2,541.22 1 1
github.com/CodeClarityCE/sbom-javascript/src/parser/lockFileParser/YarnLockFileParser.go:541.22,547.33 4 1
github.com/CodeClarityCE/sbom-javascript/src/parser/lockFileParser/YarnLockFileParser.go:547.33,548.24 1 1
github.com/CodeClarityCE/sbom-javascript/src/parser/lockFileParser/YarnLockFileParser.go:548.24,551.13 3 1
github.com/CodeClarityCE/sbom-javascript/src/parser/lockFileParser/YarnLockFileParser.go:553.4,553.68 1 1
github.com/CodeClarityCE/sbom-javascript/src/parser/lockFileParser/YarnLockFileParser.go:556.3,556.29 1 1
github.com/CodeClarityCE/sbom-javascript/src/parser/lockFileParser/YarnLockFileParser.go:556.29,558.4 1 1
github.com/CodeClarityCE/sbom-javascript/src/parser/lockFileParser/YarnLockFileParser.go:560.3,560.16 1 1
github.com/CodeClarityCE/sbom-javascript/src/parser/lockFileParser/YarnLockFileParser.go:562.8,564.3 1 0
github.com/CodeClarityCE/sbom-javascript/src/parser/lockFileParser/YarnLockV1Parser.go:61.52,62.17 1 1
github.com/CodeClarityCE/sbom-javascript/src/parser/lockFileParser/YarnLockV1Parser.go:63.22,64.43 1 0
github.com/CodeClarityCE/sbom-javascript/src/parser/lockFileParser/YarnLockV1Parser.go:65.23,66.50 1 0
github.com/CodeClarityCE/sbom-javascript/src/parser/lockFileParser/YarnLockV1Parser.go:67.25,68.32 1 1
github.com/CodeClarityCE/sbom-javascript/src/parser/lockFileParser/YarnLockV1Parser.go:69.10,70.29 1 0
github.com/CodeClarityCE/sbom-javascript/src/parser/lockFileParser/YarnLockV1Parser.go:74.38,76.2 1 1
github.com/CodeClarityCE/sbom-javascript/src/parser/lockFileParser/YarnLockV1Parser.go:78.34,80.2 1 1
github.com/CodeClarityCE/sbom-javascript/src/parser/lockFileParser/YarnLockV1Parser.go:89.67,96.47 2 1
github.com/CodeClarityCE/sbom-javascript/src/parser/lockFileParser/YarnLockV1Parser.go:96.47,98.3 1 1
github.com/CodeClarityCE/sbom-javascript/src/parser/lockFileParser/YarnLockV1Parser.go:98.8,98.32 1 1
github.com/CodeClarityCE/sbom-javascript/src/parser/lockFileParser/YarnLockV1Parser.go:98.32,100.3 1 0
github.com/CodeClarityCE/sbom-javascript/src/parser/lockFileParser/YarnLockV1Parser.go:100.8,100.53 1 1
github.com/CodeClarityCE/sbom-javascript/src/parser/lockFileParser/YarnLockV1Parser.go:100.53,102.3 1 1
github.com/CodeClarityCE/sbom-javascript/src/parser/lockFileParser/YarnLockV1Parser.go:103.2,104.25 2 1
github.com/CodeClarityCE/sbom-javascript/src/parser/lockFileParser/YarnLockV1Parser.go:104.25,105.11 1 0
github.com/CodeClarityCE/sbom-javascript/src/parser/lockFileParser/YarnLockV1Parser.go:107.2,107.33 1 1
github.com/CodeClarityCE/sbom-javascript/src/parser/lockFileParser/YarnLockV1Parser.go:110.51,111.21 1 1
github.com/CodeClarityCE/sbom-javascript/src/parser/lockFileParser/YarnLockV1Parser.go:111.21,113.43 2 1
github.com/CodeClarityCE/sbom-javascript/src/parser/lockFileParser/YarnLockV1Parser.go:113.43,115.42 2 1
github.com/CodeClarityCE/sbom-javascript/src/parser/lockFileParser/YarnLockV1Parser.go:115.42,117.5 1 1
github.com/CodeClarityCE/sbom-javascript/src/parser/lockFileParser/YarnLockV1Parser.go:118.4,120.36 3 1
github.com/CodeClarityCE/sbom-javascript/src/parser/lockFileParser/YarnLockV1Parser.go:121.9,121.29 1 1
github.com/CodeClarityCE/sbom-javascript/src/parser/lockFileParser/YarnLockV1Parser.go:121.29,124.25 3 1
github.com/CodeClarityCE/sbom-javascript/src/parser/lockFileParser/YarnLockV1Parser.go:124.25,126.5 1 0
github.com/CodeClarityCE/sbom-javascript/src/parser/lockFileParser/YarnLockV1Parser.go:127.4,130.36 4 1
github.com/CodeClarityCE/sbom-javascript/src/parser/lockFileParser/YarnLockV1Parser.go:131.9,131.29 1 1
github.com/CodeClarityCE/sbom-javascript/src/parser/lockFileParser/YarnLockV1Parser.go:131.29,132.21 1 1
github.com/CodeClarityCE/sbom-javascript/src/parser/lockFileParser/YarnLockV1Parser.go:132.21,134.38 2 1
github.com/CodeClarityCE/sbom-javascript/src/parser/lockFileParser/YarnLockV1Parser.go:134.38,136.6 1 1
github.com/CodeClarityCE/sbom-javascript/src/parser/lockFileParser/YarnLockV1Parser.go:137.5,137.26 1 1
github.com/CodeClarityCE/sbom-javascript/src/parser/lockFileParser/YarnLockV1Parser.go:137.26,139.6 1 0
github.com/CodeClarityCE/sbom-javascript/src/parser/lockFileParser/YarnLockV1Parser.go:139.11,142.6 2 1
github.com/CodeClarityCE/sbom-javascript/src/parser/lockFileParser/YarnLockV1Parser.go:143.10,145.5 1 1
github.com/CodeClarityCE/sbom-javascript/src/parser/lockFileParser/YarnLockV1Parser.go:146.9,146.29 1 1
github.com/CodeClarityCE/sbom-javascript/src/parser/lockFileParser/YarnLockV1Parser.go:146.29,148.30 2 1
github.com/CodeClarityCE/sbom-javascript/src/parser/lockFileParser/YarnLockV1Parser.go:148.30,149.24 1 1
github.com/CodeClarityCE/sbom-javascript/src/parser/lockFileParser/YarnLockV1Parser.go:149.24,151.20 2 1
github.com/CodeClarityCE/sbom-javascript/src/parser/lockFileParser/YarnLockV1Parser.go:151.20,153.12 2 1
github.com/CodeClarityCE/sbom-javascript/src/parser/lockFileParser/YarnLockV1Parser.go:157.4,160.54 4 1
github.com/CodeClarityCE/sbom-javascript/src/parser/lockFileParser/YarnLockV1Parser.go:160.54,162.5 1 0
github.com/CodeClarityCE/sbom-javascript/src/parser/lockFileParser/YarnLockV1Parser.go:162.10,164.5 1 1
github.com/CodeClarityCE/sbom-javascript/src/parser/lockFileParser/YarnLockV1Parser.go:165.9,165.48 1 1
github.com/CodeClarityCE/sbom-javascript/src/parser/lockFileParser/YarnLockV1Parser.go:165.48,170.4 4 0
github.com/CodeClarityCE/sbom-javascript/src/parser/lockFileParser/YarnLockV1Parser.go:170.9,170.46 1 1
github.com/CodeClarityCE/sbom-javascript/src/parser/lockFileParser/YarnLockV1Parser.go:170.46,173.4 2 0
github.com/CodeClarityCE/sbom-javascript/src/parser/lockFileParser/YarnLockV1Parser.go:173.9,173.47 1 1
github.com/CodeClarityCE/sbom-javascript/src/parser/lockFileParser/YarnLockV1Parser.go:173.47,176.4 2 0
github.com/CodeClarityCE/sbom-javascript/src/parser/lockFileParser/YarnLockV1Parser.go:176.9,176.29 1 1
github.com/CodeClarityCE/sbom-javascript/src/parser/lockFileParser/YarnLockV1Parser.go:176.29,179.4 2 1
github.com/CodeClarityCE/sbom-javascript/src/parser/lockFileParser/YarnLockV1Parser.go:179.9,179.29 1 1
github.com/CodeClarityCE/sbom-javascript/src/parser/lockFileParser/YarnLockV1Parser.go:179.29,182.4 2 0
github.com/CodeClarityCE/sbom-javascript/src/parser/lockFileParser/YarnLockV1Parser.go:182.9,182.44 1 1
github.com/CodeClarityCE/sbom-javascript/src/parser/lockFileParser/YarnLockV1Parser.go:182.44,184.30 2 1
github.com/CodeClarityCE/sbom-javascript/src/parser/lockFileParser/YarnLockV1Parser.go:184.30,186.82 2 1
github.com/CodeClarityCE/sbom-javascript/src/parser/lockFileParser/YarnLockV1Parser.go:186.82,187.11 1 1
github.com/CodeClarityCE/sbom-javascript/src/parser/lockFileParser/YarnLockV1Parser.go:190.4,192.36 3 1
github.com/CodeClarityCE/sbom-javascript/src/parser/lockFileParser/YarnLockV1Parser.go:193.9,195.4 1 0
github.com/CodeClarityCE/sbom-javascript/src/parser/lockFileParser/YarnLockV1Parser.go:196.3,196.16 1 1
github.com/CodeClarityCE/sbom-javascript/src/parser/lockFileParser/YarnLockV1Parser.go:196.16,198.4 1 0
github.com/CodeClarityCE/sbom-javascript/src/parser/lockFileParser/YarnLockV1Parser.go:199.3,201.16 3 1
github.com/CodeClarityCE/sbom-javascript/src/parser/lockFileParser/YarnLockV1Parser.go:201.16,202.25 1 0
github.com/CodeClarityCE/sbom-javascript/src/parser/lockFileParser/YarnLockV1Parser.go:204.3,204.23 1 1
github.com/CodeClarityCE/sbom-javascript/src/parser/lockFileParser/YarnLockV1Parser.go:206.2,207.12 2 1
github.com/CodeClarityCE/sbom-javascript/src/parser/lockFileParser/YarnLockV1Parser.go:224.43,225.23 1 1
github.com/CodeClarityCE/sbom-javascript/src/parser/lockFileParser/YarnLockV1Parser.go:225.23,226.47 1 0
github.com/CodeClarityCE/sbom-javascript/src/parser/lockFileParser/YarnLockV1Parser.go:228.2,231.27 3 1
github.com/CodeClarityCE/sbom-javascript/src/parser/lockFileParser/YarnLockV1Parser.go:231.27,233.32 2 1
github.com/CodeClarityCE/sbom-javascript/src/parser/lockFileParser/YarnLockV1Parser.go:233.32,234.229 1 0
github.com/CodeClarityCE/sbom-javascript/src/parser/lockFileParser/YarnLockV1Parser.go:237.2,237.42 1 1
github.com/CodeClarityCE/sbom-javascript/src/parser/lockFileParser/YarnLockV1Parser.go:240.33,241.33 1 1
github.com/CodeClarityCE/sbom-javascript/src/parser/lockFileParser/YarnLockV1Parser.go:241.33,242.26 1 0
github.com/CodeClarityCE/sbom-javascript/src/parser/lockFileParser/YarnLockV1Parser.go:244.2,246.30 3 1
github.com/CodeClarityCE/sbom-javascript/src/parser/lockFileParser/YarnLockV1Parser.go:246.30,249.3 2 1
github.com/CodeClarityCE/sbom-javascript/src/parser/lockFileParser/YarnLockV1Parser.go:249.8,252.3 2 1
github.com/CodeClarityCE/sbom-javascript/src/parser/lockFileParser/YarnLockV1Parser.go:255.42,256.15 1 0
github.com/CodeClarityCE/sbom-javascript/src/parser/lockFileParser/YarnLockV1Parser.go:256.15,257.28 1 0
github.com/CodeClarityCE/sbom-javascript/src/parser/lockFileParser/YarnLockV1Parser.go:258.8,259.81 1 0
github.com/CodeClarityCE/sbom-javascript/src/parser/lockFileParser/YarnLockV1Parser.go:263.41,264.24 1 0
github.com/CodeClarityCE/sbom-javascript/src/parser/lockFileParser/YarnLockV1Parser.go:264.24,266.3 1 0
github.com/CodeClarityCE/sbom-javascript/src/parser/lockFileParser/YarnLockV1Parser.go:266.8,268.3 1 0
github.com/CodeClarityCE/sbom-javascript/src/parser/lockFileParser/YarnLockV1Parser.go:271.43,272.24 1 0
github.com/CodeClarityCE/sbom-javascript/src/parser/lockFileParser/YarnLockV1Parser.go:272.24,275.3 2 0
github.com/CodeClarityCE/sbom-javascript/src/parser/lockFileParser/YarnLockV1Parser.go:275.8,277.3 1 0
github.com/CodeClarityCE/sbom-javascript/src/parser/lockFileParser/YarnLockV1Parser.go:280.49,282.6 2 1
github.com/CodeClarityCE/sbom-javascript/src/parser/lockFileParser/YarnLockV1Parser.go:282.6,284.38 2 1
github.com/CodeClarityCE/sbom-javascript/src/parser/lockFileParser/YarnLockV1Parser.go:284.38,286.19 2 1
github.com/CodeClarityCE/sbom-javascript/src/parser/lockFileParser/YarnLockV1Parser.go:286.19,288.13 1 1
github.com/CodeClarityCE/sbom-javascript/src/parser/lockFileParser/YarnLockV1Parser.go:290.4,290.38 1 1
github.com/CodeClarityCE/sbom-javascript/src/parser/lockFileParser/YarnLockV1Parser.go:290.38,292.10 1 1
github.com/CodeClarityCE/sbom-javascript/src/parser/lockFileParser/YarnLockV1Parser.go:294.4,294.38 1 1
github.com/CodeClarityCE/sbom-javascript/src/parser/lockFileParser/YarnLockV1Parser.go:294.38,297.5 1 1
github.com/CodeClarityCE/sbom-javascript/src/parser/lockFileParser/YarnLockV1Parser.go:297.10,299.10 1 0
github.com/CodeClarityCE/sbom-javascript/src/parser/lockFileParser/YarnLockV1Parser.go:301.9,301.44 1 1
github.com/CodeClarityCE/sbom-javascript/src/parser/lockFileParser/YarnLockV1Parser.go:301.44,302.38 1 0
github.com/CodeClarityCE/sbom-javascript/src/parser/lockFileParser/YarnLockV1Parser.go:302.38,304.5 1 0
github.com/CodeClarityCE/sbom-javascript/src/parser/lockFileParser/YarnLockV1Parser.go:304.10,305.10 1 0
github.com/CodeClarityCE/sbom-javascript/src/parser/lockFileParser/YarnLockV1Parser.go:307.9,307.41 1 1
github.com/CodeClarityCE/sbom-javascript/src/parser/lockFileParser/YarnLockV1Parser.go:307.41,308.9 1 1
github.com/CodeClarityCE/sbom-javascript/src/parser/lockFileParser/YarnLockV1Parser.go:309.9,309.44 1 1
github.com/CodeClarityCE/sbom-javascript/src/parser/lockFileParser/YarnLockV1Parser.go:309.44,312.21 2 1
github.com/CodeClarityCE/sbom-javascript/src/parser/lockFileParser/YarnLockV1Parser.go:312.21,313.28 1 0
github.com/CodeClarityCE/sbom-javascript/src/parser/lockFileParser/YarnLockV1Parser.go:315.4,318.36 3 1
github.com/CodeClarityCE/sbom-javascript/src/parser/lockFileParser/YarnLockV1Parser.go:318.36,322.38 3 0
github.com/CodeClarityCE/sbom-javascript/src/parser/lockFileParser/YarnLockV1Parser.go:322.38,324.6 1 0
github.com/CodeClarityCE/sbom-javascript/src/parser/lockFileParser/YarnLockV1Parser.go:326.5,327.22 2 0
github.com/CodeClarityCE/sbom-javascript/src/parser/lockFileParser/YarnLockV1Parser.go:327.22,328.29 1 0
github.com/CodeClarityCE/sbom-javascript/src/parser/lockFileParser/YarnLockV1Parser.go:330.5,331.13 2 0
github.com/CodeClarityCE/sbom-javascript/src/parser/lockFileParser/YarnLockV1Parser.go:333.4,334.16 2 1
github.com/CodeClarityCE/sbom-javascript/src/parser/lockFileParser/YarnLockV1Parser.go:334.16,336.5 1 1
github.com/CodeClarityCE/sbom-javascript/src/parser/lockFileParser/YarnLockV1Parser.go:337.4,337.38 1 1
github.com/CodeClarityCE/sbom-javascript/src/parser/lockFileParser/YarnLockV1Parser.go:337.38,338.30 1 1
github.com/CodeClarityCE/sbom-javascript/src/parser/lockFileParser/YarnLockV1Parser.go:338.30,340.6 1 1
github.com/CodeClarityCE/sbom-javascript/src/parser/lockFileParser/YarnLockV1Parser.go:341.5,341.13 1 1
github.com/CodeClarityCE/sbom-javascript/src/parser/lockFileParser/YarnLockV1Parser.go:342.10,342.23 1 1
github.com/CodeClarityCE/sbom-javascript/src/parser/lockFileParser/YarnLockV1Parser.go:342.23,344.30 2 1
github.com/CodeClarityCE/sbom-javascript/src/parser/lockFileParser/YarnLockV1Parser.go:344.30,346.6 1 1
github.com/CodeClarityCE/sbom-javascript/src/parser/lockFileParser/YarnLockV1Parser.go:347.5,347.52 1 1
github.com/CodeClarityCE/sbom-javascript/src/parser/lockFileParser/YarnLockV1Parser.go:347.52,348.11 1 1
github.com/CodeClarityCE/sbom-javascript/src/parser/lockFileParser/YarnLockV1Parser.go:350.10,352.5 1 0
github.com/CodeClarityCE/sbom-javascript/src/parser/lockFileParser/YarnLockV1Parser.go:353.9,355.4 1 0
github.com/CodeClarityCE/sbom-javascript/src/parser/lockFileParser/YarnLockV1Parser.go:357.2,357.12 1 1
github.com/CodeClarityCE/sbom-javascript/src/parser/lockFileParser/YarnLockV1Parser.go:360.47,362.2 1 1
github.com/CodeClarityCE/sbom-javascript/src/parser/lockFileParser/YarnLockV1Parser.go:366.35,368.2 1 0
github.com/CodeClarityCE/sbom-javascript/src/parser/lockFileParser/YarnLockV1Parser.go:370.76,371.15 1 1
github.com/CodeClarityCE/sbom-javascript/src/parser/lockFileParser/YarnLockV1Parser.go:371.15,372.31 1 1
github.com/CodeClarityCE/sbom-javascript/src/parser/lockFileParser/YarnLockV1Parser.go:372.31,373.25 1 0
github.com/CodeClarityCE/sbom-javascript/src/parser/lockFileParser/YarnLockV1Parser.go:374.15,375.12 1 0
github.com/CodeClarityCE/sbom-javascript/src/parser/lockFileParser/YarnLockV1Parser.go:376.16,377.23 1 0
github.com/CodeClarityCE/sbom-javascript/src/parser/lockFileParser/YarnLockV1Parser.go:378.22,379.32 1 0
github.com/CodeClarityCE/sbom-javascript/src/parser/lockFileParser/YarnLockV1Parser.go:380.12,381.35 1 0
github.com/CodeClarityCE/sbom-javascript/src/parser/lockFileParser/YarnLockV1Parser.go:385.2,386.53 2 1
github.com/CodeClarityCE/sbom-javascript/src/parser/lockFileParser/YarnLockV1Parser.go:386.53,388.3 1 0
github.com/CodeClarityCE/sbom-javascript/src/parser/lockFileParser/YarnLockV1Parser.go:389.2,394.14 4 1
github.com/CodeClarityCE/sbom-javascript/src/parser/lockFileParser/YarnLockV1Parser.go:394.14,396.3 1 0
github.com/CodeClarityCE/sbom-javascript/src/parser/lockFileParser/YarnLockV1Parser.go:397.2,397.46 1 1
github.com/CodeClarityCE/sbom-javascript/src/parser/lockFileParser/YarnLockV1Parser.go:397.46,399.3 1 0
github.com/CodeClarityCE/sbom-javascript/src/parser/lockFileParser/YarnLockV1Parser.go:400.2,400.8 1 1
github.com/CodeClarityCE/sbom-javascript/src/resolver/NPMResolver.go:19.97,28.53 6 1
github.com/CodeClarityCE/sbom-javascript/src/resolver/NPMResolver.go:28.53,46.3 17 1
github.com/CodeClarityCE/sbom-javascript/src/resolver/NPMResolver.go:48.2,48.53 1 1
github.com/CodeClarityCE/sbom-javascript/src/resolver/NPMResolver.go:48.53,50.59 2 1
github.com/CodeClarityCE/sbom-javascript/src/resolver/NPMResolver.go:50.59,52.29 2 1
github.com/CodeClarityCE/sbom-javascript/src/resolver/NPMResolver.go:52.29,54.21 2 1
github.com/CodeClarityCE/sbom-javascript/src/resolver/NPMResolver.go:54.21,57.22 3 1
github.com/CodeClarityCE/sbom-javascript/src/resolver/NPMResolver.go:57.22,58.66 1 0
github.com/CodeClarityCE/sbom-javascript/src/resolver/NPMResolver.go:58.66,60.8 1 0
github.com/CodeClarityCE/sbom-javascript/src/resolver/NPMResolver.go:62.6,62.21 1 1
github.com/CodeClarityCE/sbom-javascript/src/resolver/NPMResolver.go:62.21,63.65 1 0
github.com/CodeClarityCE/sbom-javascript/src/resolver/NPMResolver.go:63.65,65.8 1 0
github.com/CodeClarityCE/sbom-javascript/src/resolver/NPMResolver.go:72.2,75.30 3 1
github.com/CodeClarityCE/sbom-javascript/src/resolver/NPMResolver.go:84.97,89.49 4 1
github.com/CodeClarityCE/sbom-javascript/src/resolver/NPMResolver.go:89.49,102.54 13 1
github.com/CodeClarityCE/sbom-javascript/src/resolver/NPMResolver.go:102.54,104.4 1 1
github.com/CodeClarityCE/sbom-javascript/src/resolver/NPMResolver.go:105.3,105.50 1 1
github.com/CodeClarityCE/sbom-javascript/src/resolver/NPMResolver.go:105.50,107.4 1 1
github.com/CodeClarityCE/sbom-javascript/src/resolver/NPMResolver.go:108.3,108.53 1 1
github.com/CodeClarityCE/sbom-javascript/src/resolver/NPMResolver.go:108.53,110.4 1 1
github.com/CodeClarityCE/sbom-javascript/src/resolver/NPMResolver.go:111.3,116.43 6 1
github.com/CodeClarityCE/sbom-javascript/src/resolver/NPMResolver.go:119.2,119.49 1 1
github.com/CodeClarityCE/sbom-javascript/src/resolver/NPMResolver.go:119.49,121.63 2 1
github.com/CodeClarityCE/sbom-javascript/src/resolver/NPMResolver.go:121.63,123.29 2 1
github.com/CodeClarityCE/sbom-javascript/src/resolver/NPMResolver.go:123.29,125.21 2 1
github.com/CodeClarityCE/sbom-javascript/src/resolver/NPMResolver.go:125.21,128.22 3 1
github.com/CodeClarityCE/sbom-javascript/src/resolver/NPMResolver.go:128.22,129.66 1 0
github.com/CodeClarityCE/sbom-javascript/src/resolver/NPMResolver.go:129.66,131.8 1 0
github.com/CodeClarityCE/sbom-javascript/src/resolver/NPMResolver.go:133.6,133.22 1 1
github.com/CodeClarityCE/sbom-javascript/src/resolver/NPMResolver.go:133.22,134.65 1 0
github.com/CodeClarityCE/sbom-javascript/src/resolver/NPMResolver.go:134.65,136.8 1 0
github.com/CodeClarityCE/sbom-javascript/src/resolver/NPMResolver.go:143.2,146.30 3 1
github.com/CodeClarityCE/sbom-javascript/src/resolver/NPMResolver.go:173.171,189.35 1 1
github.com/CodeClarityCE/sbom-javascript/src/resolver/NPMResolver.go:189.35,193.20 2 1
github.com/CodeClarityCE/sbom-javascript/src/resolver/NPMResolver.go:193.20,195.4 1 1
github.com/CodeClarityCE/sbom-javascript/src/resolver/NPMResolver.go:195.9,197.4 1 1
github.com/CodeClarityCE/sbom-javascript/src/resolver/NPMResolver.go:199.3,201.30 2 1
github.com/CodeClarityCE/sbom-javascript/src/resolver/NPMResolver.go:201.30,203.4 1 1
github.com/CodeClarityCE/sbom-javascript/src/resolver/NPMResolver.go:212.167,215.16 2 1
github.com/CodeClarityCE/sbom-javascript/src/resolver/NPMResolver.go:215.16,218.3 2 0
github.com/CodeClarityCE/sbom-javascript/src/resolver/NPMResolver.go:220.2,220.40 1 1
github.com/CodeClarityCE/sbom-javascript/src/resolver/NPMResolver.go:220.40,225.39 3 1
github.com/CodeClarityCE/sbom-javascript/src/resolver/NPMResolver.go:225.39,227.4 1 1
github.com/CodeClarityCE/sbom-javascript/src/resolver/NPMResolver.go:227.9,230.4 2 1
github.com/CodeClarityCE/sbom-javascript/src/resolver/NPMResolver.go:232.3,232.39 1 1
github.com/CodeClarityCE/sbom-javascript/src/resolver/NPMResolver.go:232.39,234.4 1 1
github.com/CodeClarityCE/sbom-javascript/src/resolver/NPMResolver.go:236.3,236.62 1 1
github.com/CodeClarityCE/sbom-javascript/src/resolver/NPMResolver.go:236.62,238.18 2 1
github.com/CodeClarityCE/sbom-javascript/src/resolver/NPMResolver.go:238.18,241.5 2 0
github.com/CodeClarityCE/sbom-javascript/src/resolver/NPMResolver.go:243.4,243.57 1 1
github.com/CodeClarityCE/sbom-javascript/src/resolver/NPMResolver.go:243.57,245.5 1 1
github.com/CodeClarityCE/sbom-javascript/src/resolver/NPMResolver.go:248.3,248.11 1 1
github.com/CodeClarityCE/sbom-javascript/src/resolver/NPMResolver.go:248.11,249.9 1 1
github.com/CodeClarityCE/sbom-javascript/src/resolver/NPMResolver.go:254.2,254.11 1 1
github.com/CodeClarityCE/sbom-javascript/src/resolver/YarnResolver.go:15.106,19.53 3 1
github.com/CodeClarityCE/sbom-javascript/src/resolver/YarnResolver.go:19.53,33.3 13 1
github.com/CodeClarityCE/sbom-javascript/src/resolver/YarnResolver.go:35.2,35.53 1 1
github.com/CodeClarityCE/sbom-javascript/src/resolver/YarnResolver.go:35.53,37.63 2 1
github.com/CodeClarityCE/sbom-javascript/src/resolver/YarnResolver.go:37.63,39.20 2 1
github.com/CodeClarityCE/sbom-javascript/src/resolver/YarnResolver.go:39.20,41.5 1 1
github.com/CodeClarityCE/sbom-javascript/src/resolver/YarnResolver.go:45.2,48.30 3 1
